2017/06/14 20:57:31 [TRACE] Log Mode: File (Trace)
2017/06/14 20:57:31 [ INFO] Gogs 0.11.19.0609
2017/06/14 20:57:31 [ INFO] Cache Service Enabled
2017/06/14 20:57:31 [ INFO] Session Service Enabled
2017/06/14 20:57:31 [ INFO] Git Version: 2.7.4
2017/06/14 20:57:31 [ INFO] SQLite3 Supported
2017/06/14 20:57:31 [ INFO] Run Mode: Production
2017/06/14 20:57:31 [ INFO] First-time run install finished!
2017/06/14 20:57:31 [TRACE] Doing: CheckRepoStats
2017/06/14 20:57:31 [TRACE] Session ID: 83d5715010ebc4af
2017/06/14 20:57:31 [TRACE] CSRF Token: sE8FF_redIgcBOLc08DaYkJ-AHU6MTQ5NzQ3MzgyMTM4OTIyNDAyNQ==
2017/06/14 20:57:31 [TRACE] Template: user/auth/login
2017/06/14 20:57:33 [TRACE] Session ID: 83d5715010ebc4af
2017/06/14 20:57:33 [TRACE] CSRF Token: sE8FF_redIgcBOLc08DaYkJ-AHU6MTQ5NzQ3MzgyMTM4OTIyNDAyNQ==
2017/06/14 20:57:33 [TRACE] Template: user/auth/signup
2017/06/14 20:57:49 [TRACE] Session ID: 83d5715010ebc4af
2017/06/14 20:57:49 [TRACE] CSRF Token: sE8FF_redIgcBOLc08DaYkJ-AHU6MTQ5NzQ3MzgyMTM4OTIyNDAyNQ==
2017/06/14 20:57:49 [TRACE] Account created: vagrant
2017/06/14 20:57:49 [TRACE] Session ID: 83d5715010ebc4af
2017/06/14 20:57:49 [TRACE] CSRF Token: sE8FF_redIgcBOLc08DaYkJ-AHU6MTQ5NzQ3MzgyMTM4OTIyNDAyNQ==
2017/06/14 20:57:49 [TRACE] Template: user/auth/login
2017/06/14 20:57:53 [TRACE] Session ID: 83d5715010ebc4af
2017/06/14 20:57:53 [TRACE] CSRF Token: sE8FF_redIgcBOLc08DaYkJ-AHU6MTQ5NzQ3MzgyMTM4OTIyNDAyNQ==
2017/06/14 20:57:53 [TRACE] Session ID: 83d5715010ebc4af
2017/06/14 20:57:53 [TRACE] CSRF Token: 41jsI5AxatEAiUFrHxKdgE5wqvQ6MTQ5NzQ3Mzg3MzU4MjM0MTUyMA==
2017/06/14 20:57:53 [TRACE] Template: user/dashboard/dashboard
2017/06/14 20:57:57 [TRACE] Session ID: 83d5715010ebc4af
2017/06/14 20:57:57 [TRACE] CSRF Token: 41jsI5AxatEAiUFrHxKdgE5wqvQ6MTQ5NzQ3Mzg3MzU4MjM0MTUyMA==
2017/06/14 20:57:57 [TRACE] Template: repo/create
2017/06/14 20:58:27 [TRACE] Session ID: 83d5715010ebc4af
2017/06/14 20:58:27 [TRACE] CSRF Token: 41jsI5AxatEAiUFrHxKdgE5wqvQ6MTQ5NzQ3Mzg3MzU4MjM0MTUyMA==
2017/06/14 20:58:27 [TRACE] Repository created [1]: vagrant/instant-pipeline-repo
2017/06/14 20:58:27 [TRACE] Session ID: 83d5715010ebc4af
2017/06/14 20:58:27 [TRACE] CSRF Token: 41jsI5AxatEAiUFrHxKdgE5wqvQ6MTQ5NzQ3Mzg3MzU4MjM0MTUyMA==
2017/06/14 20:58:27 [TRACE] Template: repo/bare
2017/06/14 21:04:22 [TRACE] Session ID: 912df225712b6bb8
2017/06/14 21:04:22 [TRACE] CSRF Token: D1z5_U2-_ZBD70KgufGTIKU8PgU6MTQ5NzQ3NDI2MjA4MzU0NjQ1NQ==
2017/06/14 21:04:22 [TRACE] Session ID: 912df225712b6bb8
2017/06/14 21:04:22 [TRACE] CSRF Token: D1z5_U2-_ZBD70KgufGTIKU8PgU6MTQ5NzQ3NDI2MjA4MzU0NjQ1NQ==
2017/06/14 21:04:22 [TRACE] Template: user/auth/login
2017/06/14 21:04:26 [TRACE] Session ID: 912df225712b6bb8
2017/06/14 21:04:26 [TRACE] CSRF Token: D1z5_U2-_ZBD70KgufGTIKU8PgU6MTQ5NzQ3NDI2MjA4MzU0NjQ1NQ==
2017/06/14 21:04:26 [TRACE] Session ID: 912df225712b6bb8
2017/06/14 21:04:26 [TRACE] CSRF Token: axgrZrDGU2pzejtixFOZYHqg1Rc6MTQ5NzQ3NDI2NjEyMTY2ODQ3NQ==
2017/06/14 21:04:26 [TRACE] Template: user/dashboard/dashboard
2017/06/14 21:04:27 [TRACE] Session ID: 912df225712b6bb8
2017/06/14 21:04:27 [TRACE] CSRF Token: axgrZrDGU2pzejtixFOZYHqg1Rc6MTQ5NzQ3NDI2NjEyMTY2ODQ3NQ==
2017/06/14 21:04:27 [TRACE] Template: repo/bare
2017/06/14 21:04:42 [TRACE] Session ID: 912df225712b6bb8
2017/06/14 21:04:42 [TRACE] CSRF Token: axgrZrDGU2pzejtixFOZYHqg1Rc6MTQ5NzQ3NDI2NjEyMTY2ODQ3NQ==
2017/06/14 21:04:42 [TRACE] Template: repo/settings/options
2017/06/14 21:04:45 [TRACE] Session ID: 912df225712b6bb8
2017/06/14 21:04:45 [TRACE] CSRF Token: axgrZrDGU2pzejtixFOZYHqg1Rc6MTQ5NzQ3NDI2NjEyMTY2ODQ3NQ==
2017/06/14 21:04:45 [TRACE] Template: repo/settings/webhook/base
2017/06/14 21:04:48 [TRACE] Session ID: 912df225712b6bb8
2017/06/14 21:04:48 [TRACE] CSRF Token: axgrZrDGU2pzejtixFOZYHqg1Rc6MTQ5NzQ3NDI2NjEyMTY2ODQ3NQ==
2017/06/14 21:04:48 [TRACE] Template: repo/settings/webhook/new
2017/06/14 21:05:37 [TRACE] Session ID: 912df225712b6bb8
2017/06/14 21:05:37 [TRACE] CSRF Token: axgrZrDGU2pzejtixFOZYHqg1Rc6MTQ5NzQ3NDI2NjEyMTY2ODQ3NQ==
2017/06/14 21:05:37 [TRACE] Session ID: 912df225712b6bb8
2017/06/14 21:05:37 [TRACE] CSRF Token: axgrZrDGU2pzejtixFOZYHqg1Rc6MTQ5NzQ3NDI2NjEyMTY2ODQ3NQ==
2017/06/14 21:05:37 [TRACE] Template: repo/settings/webhook/base
2017/06/14 21:05:44 [TRACE] Session ID: 912df225712b6bb8
2017/06/14 21:05:44 [TRACE] CSRF Token: axgrZrDGU2pzejtixFOZYHqg1Rc6MTQ5NzQ3NDI2NjEyMTY2ODQ3NQ==
2017/06/14 21:05:44 [TRACE] Template: repo/bare
2017/06/14 21:07:31 [TRACE] Doing: MirrorUpdate
2017/06/14 21:11:00 [TRACE] Session ID: fa09f74926574519
2017/06/14 21:11:00 [TRACE] CSRF Token: 7KdRCn4cdA6SizjUcRAKYESzPC06MTQ5NzQ3NDY2MDU5NzAyMTQ1Mg==
2017/06/14 21:11:00 [TRACE] Session ID: c83cb02a55329944
2017/06/14 21:11:00 [TRACE] CSRF Token: ZPdoSPPzB7Lpjg5bos5rvekL0rI6MTQ5NzQ3NDY2MDYyMDUwNDU3Nw==
2017/06/14 21:11:00 [TRACE] Session ID: ce3cd33253e68b72
2017/06/14 21:11:00 [TRACE] CSRF Token: QLgoq_N8NJtUUkSI3b8_7GgL0BA6MTQ5NzQ3NDY2MDY1OTU2MTAxMA==
2017/06/14 21:11:00 [TRACE] Session ID: 789f855f6906461c
2017/06/14 21:11:00 [TRACE] CSRF Token: k384WzSvEuWCM6awsqj-jSyIf646MTQ5NzQ3NDY2MDY2NDgxMzM1Ng==
2017/06/14 21:11:00 [TRACE] HTTPGit - Authenticated user: vagrant
2017/06/14 21:11:00 [TRACE] Session ID: 1696da432fa048c2
2017/06/14 21:11:00 [TRACE] CSRF Token: 6GGbRbAO1FHNomvRD5pbUU-rZis6MTQ5NzQ3NDY2MDg2MTIwNzkwNQ==
2017/06/14 21:11:00 [TRACE] TriggerTask 'instant-pipeline-repo/master' by 'vagrant'
2017/06/14 21:11:00 [TRACE] AddTestPullRequestTask [head_repo_id: 1, head_branch: master]: finding pull requests
2017/06/14 21:11:00 [TRACE] AddTestPullRequestTask [base_repo_id: 1, base_branch: master]: finding pull requests
2017/06/14 21:11:00 [TRACE] DeliverHooks [repo_id: 1]
2017/06/14 21:11:01 [TRACE] Hook delivery failed: e7babeb3-e514-419b-95b5-698c2833ad87
2017/06/14 21:11:08 [TRACE] Session ID: 912df225712b6bb8
2017/06/14 21:11:08 [TRACE] CSRF Token: axgrZrDGU2pzejtixFOZYHqg1Rc6MTQ5NzQ3NDI2NjEyMTY2ODQ3NQ==
2017/06/14 21:11:08 [TRACE] Template: repo/home
